<?xml version="1.0" encoding="UTF-8"?>
<!-- Generated by org.testng.reporters.JUnitReportReporter -->
<testsuite hostname="192-168-1-104.tpgi.com.au" failures="0" tests="1" name="BasicTestCases" time="2.086" errors="0" timestamp="22 Feb 2021 02:47:52 GMT" skipped="0">
  <testcase classname="BasicTestCases" name="PositiveCases" time="2.086"/>
</testsuite> <!-- BasicTestCases -->
