<?xml version="1.0" encoding="UTF-8"?>
<!-- Generated by org.testng.reporters.JUnitReportReporter -->
<testsuite hostname="192-168-1-104.tpgi.com.au" failures="0" tests="1" name="TestCase" time="4.915" errors="0" timestamp="22 Feb 2021 01:04:10 GMT" skipped="0">
  <testcase classname="TestCase" name="PositiveCases" time="4.915"/>
</testsuite> <!-- TestCase -->
